
%soc-sign-bitcoinotc Tau-Exposure
\begin{table}[h]
	\centering
	%\label{}
	\begin{tabular}{|l||*{5}{c|}}\hline
		\backslashbox{Estimador}{Vetor $\beta$}
		&\makebox[3em]{$(0,0,1)$}&\makebox[3em]{$(0,1,0.5)$}&\makebox[3em]{$(0,1,0)$}
		&\makebox[3em]{$(0,1,1)$}&\makebox[3em]{$(0,1,2)$}\\\hline\hline
		Linear      &0.00599&0.00144&0.00031&0.00504&0.01876\\\hline
		Logistic    &0.00632&0.00123&0.00033&0.00403&0.01522\\\hline
		Média C1 C0 &0.00039&0.00026&0.00028&0.00030&0.00024\\\hline
		Probit      &0.00647&0.00132&0.00032&0.00411&0.01517\\\hline
		SUTVA       &0.01477&0.00269&0.00009&0.01104&0.04530\\\hline
	\end{tabular}
\end{table}



%email-Enron Tau-Exposure
\begin{table}[h]
	\centering
	%\label{}
	\begin{tabular}{|l||*{5}{c|}}\hline
		\backslashbox{Estimador}{Vetor $\beta$}
		&\makebox[3em]{$(0,0,1)$}&\makebox[3em]{$(0,1,0.5)$}&\makebox[3em]{$(0,1,0)$}
		&\makebox[3em]{$(0,1,1)$}&\makebox[3em]{$(0,1,2)$}\\\hline\hline
		Linear      &0.00745&0.00146&0.00005&0.00598&0.02368\\\hline
		Logistic    &0.00781&0.00139&0.00005&0.00553&0.02104\\\hline
		Média C1 C0 &0.00006&0.00004&0.00004&0.00004&0.00004\\\hline
		Probit      &0.00779&0.00140&0.00006&0.00542&0.02035\\\hline
		SUTVA       &0.01142&0.00211&0.00002&0.00876&0.03547\\\hline
	\end{tabular}
\end{table}



%Wiki-Vote Tau-Exposure
\begin{table}[h]
	\centering
	%\label{}
	\begin{tabular}{|l||*{5}{c|}}\hline
		\backslashbox{Estimador}{Vetor $\beta$}
		&\makebox[3em]{$(0,0,1)$}&\makebox[3em]{$(0,1,0.5)$}&\makebox[3em]{$(0,1,0)$}
		&\makebox[3em]{$(0,1,1)$}&\makebox[3em]{$(0,1,2)$}\\\hline\hline
		Linear      &0.00961&0.00210&0.00031&0.00758&0.02989\\\hline
		Logistic    &0.01006&0.00193&0.00032&0.00678&0.02576\\\hline
		Média C1 C0 &0.00030&0.00020&0.00021&0.00022&0.00021\\\hline
		Probit      &0.01022&0.00190&0.00032&0.00673&0.02469\\\hline
		SUTVA       &0.00929&0.00177&0.00007&0.00722&0.02886\\\hline
	\end{tabular}
\end{table}


